{"D:\\Workspace\\Blind Box\\christmas-greeting-master\\src\\components\\Gift\\index.tsx": {"path":"D:\\Workspace\\Blind Box\\christmas-greeting-master\\src\\components\\Gift\\index.tsx","statementMap":{"0":{"start":{"line":6,"column":18},"end":{"line":6,"column":19}},"1":{"start":{"line":14,"column":29},"end":{"line":25,"column":1}},"2":{"start":{"line":28,"column":26},"end":{"line":33,"column":1}},"3":{"start":{"line":29,"column":21},"end":{"line":29,"column":40}},"4":{"start":{"line":30,"column":4},"end":{"line":32,"column":29}},"5":{"start":{"line":35,"column":13},"end":{"line":121,"column":1}},"6":{"start":{"line":36,"column":42},"end":{"line":36,"column":64}},"7":{"start":{"line":37,"column":48},"end":{"line":37,"column":68}},"8":{"start":{"line":38,"column":42},"end":{"line":38,"column":57}},"9":{"start":{"line":40,"column":28},"end":{"line":57,"column":5}},"10":{"start":{"line":41,"column":8},"end":{"line":41,"column":50}},"11":{"start":{"line":41,"column":43},"end":{"line":41,"column":50}},"12":{"start":{"line":42,"column":8},"end":{"line":45,"column":9}},"13":{"start":{"line":43,"column":12},"end":{"line":43,"column":33}},"14":{"start":{"line":44,"column":12},"end":{"line":44,"column":19}},"15":{"start":{"line":47,"column":8},"end":{"line":47,"column":50}},"16":{"start":{"line":48,"column":8},"end":{"line":48,"column":40}},"17":{"start":{"line":51,"column":8},"end":{"line":56,"column":17}},"18":{"start":{"line":52,"column":12},"end":{"line":52,"column":34}},"19":{"start":{"line":53,"column":12},"end":{"line":55,"column":13}},"20":{"start":{"line":54,"column":16},"end":{"line":54,"column":37}},"21":{"start":{"line":59,"column":4},"end":{"line":120,"column":6}},"22":{"start":{"line":67,"column":32},"end":{"line":67,"column":89}},"23":{"start":{"line":67,"column":62},"end":{"line":67,"column":73}},"24":{"start":{"line":74,"column":47},"end":{"line":74,"column":74}},"25":{"start":{"line":75,"column":32},"end":{"line":75,"column":69}},"26":{"start":{"line":80,"column":72},"end":{"line":80,"column":96}},"27":{"start":{"line":91,"column":28},"end":{"line":109,"column":34}},"28":{"start":{"line":100,"column":47},"end":{"line":100,"column":68}},"29":{"start":{"line":102,"column":36},"end":{"line":104,"column":37}},"30":{"start":{"line":103,"column":40},"end":{"line":103,"column":62}}},"fnMap":{"0":{"name":"(anonymous_0)","decl":{"start":{"line":28,"column":26},"end":{"line":28,"column":27}},"loc":{"start":{"line":28,"column":32},"end":{"line":33,"column":1}},"line":28},"1":{"name":"(anonymous_1)","decl":{"start":{"line":35,"column":13},"end":{"line":35,"column":14}},"loc":{"start":{"line":35,"column":19},"end":{"line":121,"column":1}},"line":35},"2":{"name":"(anonymous_2)","decl":{"start":{"line":40,"column":28},"end":{"line":40,"column":29}},"loc":{"start":{"line":40,"column":51},"end":{"line":57,"column":5}},"line":40},"3":{"name":"(anonymous_3)","decl":{"start":{"line":51,"column":19},"end":{"line":51,"column":20}},"loc":{"start":{"line":51,"column":25},"end":{"line":56,"column":9}},"line":51},"4":{"name":"(anonymous_4)","decl":{"start":{"line":66,"column":45},"end":{"line":66,"column":46}},"loc":{"start":{"line":67,"column":32},"end":{"line":67,"column":89}},"line":67},"5":{"name":"(anonymous_5)","decl":{"start":{"line":67,"column":57},"end":{"line":67,"column":58}},"loc":{"start":{"line":67,"column":62},"end":{"line":67,"column":73}},"line":67},"6":{"name":"(anonymous_6)","decl":{"start":{"line":74,"column":42},"end":{"line":74,"column":43}},"loc":{"start":{"line":74,"column":47},"end":{"line":74,"column":74}},"line":74},"7":{"name":"(anonymous_7)","decl":{"start":{"line":74,"column":80},"end":{"line":74,"column":81}},"loc":{"start":{"line":75,"column":32},"end":{"line":75,"column":69}},"line":75},"8":{"name":"(anonymous_8)","decl":{"start":{"line":80,"column":66},"end":{"line":80,"column":67}},"loc":{"start":{"line":80,"column":72},"end":{"line":80,"column":96}},"line":80},"9":{"name":"(anonymous_9)","decl":{"start":{"line":90,"column":35},"end":{"line":90,"column":36}},"loc":{"start":{"line":91,"column":28},"end":{"line":109,"column":34}},"line":91},"10":{"name":"(anonymous_10)","decl":{"start":{"line":100,"column":41},"end":{"line":100,"column":42}},"loc":{"start":{"line":100,"column":47},"end":{"line":100,"column":68}},"line":100},"11":{"name":"(anonymous_11)","decl":{"start":{"line":101,"column":43},"end":{"line":101,"column":44}},"loc":{"start":{"line":101,"column":50},"end":{"line":105,"column":33}},"line":101}},"branchMap":{"0":{"loc":{"start":{"line":41,"column":8},"end":{"line":41,"column":50}},"type":"if","locations":[{"start":{"line":41,"column":8},"end":{"line":41,"column":50}},{"start":{"line":41,"column":8},"end":{"line":41,"column":50}}],"line":41},"1":{"loc":{"start":{"line":42,"column":8},"end":{"line":45,"column":9}},"type":"if","locations":[{"start":{"line":42,"column":8},"end":{"line":45,"column":9}},{"start":{"line":42,"column":8},"end":{"line":45,"column":9}}],"line":42},"2":{"loc":{"start":{"line":53,"column":12},"end":{"line":55,"column":13}},"type":"if","locations":[{"start":{"line":53,"column":12},"end":{"line":55,"column":13}},{"start":{"line":53,"column":12},"end":{"line":55,"column":13}}],"line":53},"3":{"loc":{"start":{"line":61,"column":13},"end":{"line":85,"column":13}},"type":"binary-expr","locations":[{"start":{"line":61,"column":13},"end":{"line":61,"column":24}},{"start":{"line":62,"column":16},"end":{"line":84,"column":22}}],"line":61},"4":{"loc":{"start":{"line":87,"column":13},"end":{"line":118,"column":13}},"type":"binary-expr","locations":[{"start":{"line":87,"column":13},"end":{"line":87,"column":25}},{"start":{"line":88,"column":16},"end":{"line":117,"column":19}}],"line":87},"5":{"loc":{"start":{"line":95,"column":51},"end":{"line":95,"column":96}},"type":"cond-expr","locations":[{"start":{"line":95,"column":83},"end":{"line":95,"column":91}},{"start":{"line":95,"column":94},"end":{"line":95,"column":96}}],"line":95},"6":{"loc":{"start":{"line":102,"column":36},"end":{"line":104,"column":37}},"type":"if","locations":[{"start":{"line":102,"column":36},"end":{"line":104,"column":37}},{"start":{"line":102,"column":36},"end":{"line":104,"column":37}}],"line":102},"7":{"loc":{"start":{"line":102,"column":40},"end":{"line":102,"column":74}},"type":"binary-expr","locations":[{"start":{"line":102,"column":40},"end":{"line":102,"column":57}},{"start":{"line":102,"column":61},"end":{"line":102,"column":74}}],"line":102},"8":{"loc":{"start":{"line":112,"column":21},"end":{"line":116,"column":21}},"type":"binary-expr","locations":[{"start":{"line":112,"column":21},"end":{"line":112,"column":35}},{"start":{"line":113,"column":24},"end":{"line":115,"column":30}}],"line":112}},"s":{"0":1,"1":1,"2":1,"3":10,"4":10,"5":1,"6":1,"7":1,"8":1,"9":1,"10":0,"11":0,"12":0,"13":0,"14":0,"15":0,"16":0,"17":0,"18":0,"19":0,"20":0,"21":1,"22":0,"23":0,"24":0,"25":0,"26":0,"27":10,"28":0,"29":0,"30":0},"f":{"0":10,"1":1,"2":0,"3":0,"4":0,"5":0,"6":0,"7":0,"8":0,"9":10,"10":0,"11":0},"b":{"0":[0,0],"1":[0,0],"2":[0,0],"3":[1,0],"4":[1,1],"5":[0,10],"6":[0,0],"7":[0,0],"8":[1,0]},"_coverageSchema":"1a1c01bbd47fc00a2c39e90264f33305004495a9","hash":"973def3a1689eea7ecd7a7d576408eb3aa415ab6"}
,"D:\\Workspace\\Blind Box\\christmas-greeting-master\\src\\containers\\App\\index.tsx": {"path":"D:\\Workspace\\Blind Box\\christmas-greeting-master\\src\\containers\\App\\index.tsx","statementMap":{"0":{"start":{"line":8,"column":2},"end":{"line":23,"column":9}},"1":{"start":{"line":9,"column":24},"end":{"line":14,"column":5}},"2":{"start":{"line":10,"column":20},"end":{"line":10,"column":75}},"3":{"start":{"line":11,"column":6},"end":{"line":13,"column":7}},"4":{"start":{"line":12,"column":8},"end":{"line":12,"column":21}},"5":{"start":{"line":17,"column":4},"end":{"line":17,"column":68}},"6":{"start":{"line":19,"column":4},"end":{"line":22,"column":6}},"7":{"start":{"line":21,"column":6},"end":{"line":21,"column":57}},"8":{"start":{"line":25,"column":2},"end":{"line":177,"column":4}}},"fnMap":{"0":{"name":"App","decl":{"start":{"line":7,"column":9},"end":{"line":7,"column":12}},"loc":{"start":{"line":7,"column":15},"end":{"line":178,"column":1}},"line":7},"1":{"name":"(anonymous_1)","decl":{"start":{"line":8,"column":12},"end":{"line":8,"column":13}},"loc":{"start":{"line":8,"column":18},"end":{"line":23,"column":3}},"line":8},"2":{"name":"(anonymous_2)","decl":{"start":{"line":9,"column":24},"end":{"line":9,"column":25}},"loc":{"start":{"line":9,"column":30},"end":{"line":14,"column":5}},"line":9},"3":{"name":"(anonymous_3)","decl":{"start":{"line":19,"column":11},"end":{"line":19,"column":12}},"loc":{"start":{"line":19,"column":17},"end":{"line":22,"column":5}},"line":19}},"branchMap":{"0":{"loc":{"start":{"line":11,"column":6},"end":{"line":13,"column":7}},"type":"if","locations":[{"start":{"line":11,"column":6},"end":{"line":13,"column":7}},{"start":{"line":11,"column":6},"end":{"line":13,"column":7}}],"line":11}},"s":{"0":1,"1":1,"2":0,"3":0,"4":0,"5":1,"6":1,"7":0,"8":1},"f":{"0":1,"1":1,"2":0,"3":0},"b":{"0":[0,0]},"_coverageSchema":"1a1c01bbd47fc00a2c39e90264f33305004495a9","hash":"78dd43fad2b7a676a11806f4cd1471c84e3cbf74"}
,"D:\\Workspace\\Blind Box\\christmas-greeting-master\\src\\containers\\Santa\\index.tsx": {"path":"D:\\Workspace\\Blind Box\\christmas-greeting-master\\src\\containers\\Santa\\index.tsx","statementMap":{"0":{"start":{"line":4,"column":2},"end":{"line":27,"column":4}}},"fnMap":{"0":{"name":"Santa","decl":{"start":{"line":3,"column":9},"end":{"line":3,"column":14}},"loc":{"start":{"line":3,"column":17},"end":{"line":28,"column":1}},"line":3}},"branchMap":{},"s":{"0":1},"f":{"0":1},"b":{},"_coverageSchema":"1a1c01bbd47fc00a2c39e90264f33305004495a9","hash":"dddf13540d788686bfd8c3dad79aef15953f440f"}
}
