TN:
SF:src\components\Gift\index.tsx
FN:28,(anonymous_0)
FN:35,(anonymous_1)
FN:40,(anonymous_2)
FN:51,(anonymous_3)
FN:66,(anonymous_4)
FN:67,(anonymous_5)
FN:74,(anonymous_6)
FN:74,(anonymous_7)
FN:80,(anonymous_8)
FN:90,(anonymous_9)
FN:100,(anonymous_10)
FN:101,(anonymous_11)
FNF:12
FNH:3
FNDA:10,(anonymous_0)
FNDA:1,(anonymous_1)
FNDA:0,(anonymous_2)
FNDA:0,(anonymous_3)
FNDA:0,(anonymous_4)
FNDA:0,(anonymous_5)
FNDA:0,(anonymous_6)
FNDA:0,(anonymous_7)
FNDA:0,(anonymous_8)
FNDA:10,(anonymous_9)
FNDA:0,(anonymous_10)
FNDA:0,(anonymous_11)
DA:6,1
DA:14,1
DA:28,1
DA:29,10
DA:30,10
DA:35,1
DA:36,1
DA:37,1
DA:38,1
DA:40,1
DA:41,0
DA:42,0
DA:43,0
DA:44,0
DA:47,0
DA:48,0
DA:51,0
DA:52,0
DA:53,0
DA:54,0
DA:59,1
DA:67,0
DA:74,0
DA:75,0
DA:80,0
DA:91,10
DA:100,0
DA:102,0
DA:103,0
LF:29
LH:12
BRDA:41,0,0,0
BRDA:41,0,1,0
BRDA:42,1,0,0
BRDA:42,1,1,0
BRDA:53,2,0,0
BRDA:53,2,1,0
BRDA:61,3,0,1
BRDA:61,3,1,0
BRDA:87,4,0,1
BRDA:87,4,1,1
BRDA:95,5,0,0
BRDA:95,5,1,10
BRDA:102,6,0,0
BRDA:102,6,1,0
BRDA:102,7,0,0
BRDA:102,7,1,0
BRDA:112,8,0,1
BRDA:112,8,1,0
BRF:18
BRH:5
end_of_record
TN:
SF:src\containers\App\index.tsx
FN:7,App
FN:8,(anonymous_1)
FN:9,(anonymous_2)
FN:19,(anonymous_3)
FNF:4
FNH:2
FNDA:1,App
FNDA:1,(anonymous_1)
FNDA:0,(anonymous_2)
FNDA:0,(anonymous_3)
DA:8,1
DA:9,1
DA:10,0
DA:11,0
DA:12,0
DA:17,1
DA:19,1
DA:21,0
DA:25,1
LF:9
LH:5
BRDA:11,0,0,0
BRDA:11,0,1,0
BRF:2
BRH:0
end_of_record
TN:
SF:src\containers\Santa\index.tsx
FN:3,Santa
FNF:1
FNH:1
FNDA:1,Santa
DA:4,1
LF:1
LH:1
BRF:0
BRH:0
end_of_record
